2023-12-18 18:12:900 INFO  HomePage :74 - Mouse hover on “Desktops” Tab and click [[ChromeDriver: chrome on windows (218b1b51be07a733cb8e1cf347554799)] -> link text: Desktops]
2023-12-18 18:12:350 INFO  HomePage :93 - Click on Show All Desktop tab [[ChromeDriver: chrome on windows (218b1b51be07a733cb8e1cf347554799)] -> xpath: //a[normalize-space()='Show AllDesktops']]
2023-12-18 18:12:416 INFO  DesktopPage :44 - Click on sort by position [[ChromeDriver: chrome on windows (218b1b51be07a733cb8e1cf347554799)] -> id: input-sort]
2023-12-18 18:12:915 INFO  DesktopPage :73 - Select option product sorted by Name (Z - A)from sort by options [[ChromeDriver: chrome on windows (218b1b51be07a733cb8e1cf347554799)] -> id: input-sort]
2023-12-18 18:12:44 INFO  HomePage :74 - Mouse hover on “Desktops” Tab and click [[ChromeDriver: chrome on windows (1ec4b69092530c9f28a22aae09e0cf46)] -> link text: Desktops]
2023-12-18 18:12:494 INFO  HomePage :93 - Click on Show All Desktop tab [[ChromeDriver: chrome on windows (1ec4b69092530c9f28a22aae09e0cf46)] -> xpath: //a[normalize-space()='Show AllDesktops']]
2023-12-18 18:12:549 INFO  HomePage :105 - Clicking on Currency on top of page [[ChromeDriver: chrome on windows (1ec4b69092530c9f28a22aae09e0cf46)] -> xpath: //span[normalize-space()='Currency']]
2023-12-18 18:12:329 INFO  HomePage :113 - Select £Pound Sterling from currency drop down list [[[ChromeDriver: chrome on windows (1ec4b69092530c9f28a22aae09e0cf46)] -> xpath: //ul[@class = 'dropdown-menu']/li], [[ChromeDriver: chrome on windows (1ec4b69092530c9f28a22aae09e0cf46)] -> xpath: //ul[@class = 'dropdown-menu']/li], [[ChromeDriver: chrome on windows (1ec4b69092530c9f28a22aae09e0cf46)] -> xpath: //ul[@class = 'dropdown-menu']/li]]
2023-12-18 18:12:723 INFO  DesktopPage :73 - Select option product sorted by Name (A - Z)from sort by options [[ChromeDriver: chrome on windows (1ec4b69092530c9f28a22aae09e0cf46)] -> id: input-sort]
2023-12-18 18:12:624 INFO  DesktopPage :78 - Clicking on HP LP3065 [[ChromeDriver: chrome on windows (1ec4b69092530c9f28a22aae09e0cf46)] -> xpath: //a[contains(text(),'HP LP3065')]]
2023-12-18 18:12:640 INFO  ProductPage :52 - Verify the Text "HP LP3065" [[ChromeDriver: chrome on windows (1ec4b69092530c9f28a22aae09e0cf46)] -> xpath: //a[contains(text(),'HP LP3065')]]
2023-12-18 18:12:700 INFO  ProductPage :58 - Select 2022November30 to date field [[ChromeDriver: chrome on windows (1ec4b69092530c9f28a22aae09e0cf46)] -> xpath: //div[@class = 'input-group date']//button]
2023-12-18 18:12:125 INFO  ProductPage :82 - Enter Qty 1 to quantity field [[ChromeDriver: chrome on windows (1ec4b69092530c9f28a22aae09e0cf46)] -> xpath: //input[@id='input-quantity']]
2023-12-18 18:12:856 INFO  ProductPage :87 - Clicking on Login Button [[ChromeDriver: chrome on windows (1ec4b69092530c9f28a22aae09e0cf46)] -> xpath: //button[@id='button-cart']]
2023-12-18 18:12:397 INFO  ProductPage :91 - Verify the Message “Success: You have added HP LP3065 to your shopping cart!” [[ChromeDriver: chrome on windows (1ec4b69092530c9f28a22aae09e0cf46)] -> xpath: //div[@class='alert alert-success alert-dismissible']]
2023-12-18 18:12:464 INFO  ProductPage :97 - Click on link “shopping cart” display into success message [[ChromeDriver: chrome on windows (1ec4b69092530c9f28a22aae09e0cf46)] -> xpath: //a[contains(text(),'shopping cart')]]
2023-12-18 18:12:510 INFO  ShoppingCartPage :47 -  Verify the text Shopping Cart [[ChromeDriver: chrome on windows (1ec4b69092530c9f28a22aae09e0cf46)] -> xpath: //div[@id='content']//h1]
2023-12-18 18:12:553 INFO  ShoppingCartPage :52 - Verify the Product name HP LP3065 [[ChromeDriver: chrome on windows (1ec4b69092530c9f28a22aae09e0cf46)] -> xpath: //div[@class = 'table-responsive']/table/tbody/tr/td[2]/a]
2023-12-18 18:12:594 INFO  ShoppingCartPage :57 - Verify the Delivery Date 2022-11-30 [[ChromeDriver: chrome on windows (1ec4b69092530c9f28a22aae09e0cf46)] -> xpath: //div[@class = 'table-responsive']/table/tbody/tr/td[2]/small[1]]
2023-12-18 18:12:642 INFO  ShoppingCartPage :62 - Verify the Model Product21 [[ChromeDriver: chrome on windows (1ec4b69092530c9f28a22aae09e0cf46)] -> xpath: //div[@class = 'table-responsive']/table/tbody/tr/td[3]]
2023-12-18 18:12:686 INFO  ShoppingCartPage :67 - Verify the Total £74.73 [[ChromeDriver: chrome on windows (1ec4b69092530c9f28a22aae09e0cf46)] -> xpath: //div[@class = 'table-responsive']/table/tbody/tr/td[6]]
2023-12-18 18:12:846 INFO  HomePage :80 - Mouse hover on “Laptops & Notebooks” Tab and click [[ChromeDriver: chrome on windows (9067501d9f6b5d4bbe4a50da1f69d77f)] -> link text: Laptops & Notebooks]
2023-12-18 18:12:279 INFO  HomePage :99 - Click on Show All LaptopAndNotebook Tab [[ChromeDriver: chrome on windows (9067501d9f6b5d4bbe4a50da1f69d77f)] -> xpath: //a[normalize-space()='Show AllLaptops & Notebooks']]
2023-12-18 18:12:354 INFO  DesktopPage :44 - Click on sort by position [[ChromeDriver: chrome on windows (9067501d9f6b5d4bbe4a50da1f69d77f)] -> id: input-sort]
2023-12-18 18:12:805 INFO  DesktopPage :73 - Select option product sorted by Price (High > Low)from sort by options [[ChromeDriver: chrome on windows (9067501d9f6b5d4bbe4a50da1f69d77f)] -> id: input-sort]
2023-12-18 18:12:877 INFO  LaptopAndNotebookPage :63 - Verify Product sorted  price High to low [[[ChromeDriver: chrome on windows (9067501d9f6b5d4bbe4a50da1f69d77f)] -> xpath: //p[@class ='price']], [[ChromeDriver: chrome on windows (9067501d9f6b5d4bbe4a50da1f69d77f)] -> xpath: //p[@class ='price']], [[ChromeDriver: chrome on windows (9067501d9f6b5d4bbe4a50da1f69d77f)] -> xpath: //p[@class ='price']], [[ChromeDriver: chrome on windows (9067501d9f6b5d4bbe4a50da1f69d77f)] -> xpath: //p[@class ='price']], [[ChromeDriver: chrome on windows (9067501d9f6b5d4bbe4a50da1f69d77f)] -> xpath: //p[@class ='price']]]
2023-12-18 18:12:940 INFO  LaptopAndNotebookPage :63 - Verify Product sorted  price High to low [[[ChromeDriver: chrome on windows (9067501d9f6b5d4bbe4a50da1f69d77f)] -> xpath: //p[@class ='price']], [[ChromeDriver: chrome on windows (9067501d9f6b5d4bbe4a50da1f69d77f)] -> xpath: //p[@class ='price']], [[ChromeDriver: chrome on windows (9067501d9f6b5d4bbe4a50da1f69d77f)] -> xpath: //p[@class ='price']], [[ChromeDriver: chrome on windows (9067501d9f6b5d4bbe4a50da1f69d77f)] -> xpath: //p[@class ='price']], [[ChromeDriver: chrome on windows (9067501d9f6b5d4bbe4a50da1f69d77f)] -> xpath: //p[@class ='price']]]
2023-12-18 18:12:295 INFO  HomePage :80 - Mouse hover on “Laptops & Notebooks” Tab and click [[ChromeDriver: chrome on windows (7f5f967f0980f7333938e817ef6c66cc)] -> link text: Laptops & Notebooks]
2023-12-18 18:12:734 INFO  HomePage :99 - Click on Show All LaptopAndNotebook Tab [[ChromeDriver: chrome on windows (7f5f967f0980f7333938e817ef6c66cc)] -> xpath: //a[normalize-space()='Show AllLaptops & Notebooks']]
2023-12-18 18:12:798 INFO  HomePage :105 - Clicking on Currency on top of page [[ChromeDriver: chrome on windows (7f5f967f0980f7333938e817ef6c66cc)] -> xpath: //span[normalize-space()='Currency']]
2023-12-18 18:12:453 INFO  HomePage :113 - Select £Pound Sterling from currency drop down list [[[ChromeDriver: chrome on windows (7f5f967f0980f7333938e817ef6c66cc)] -> xpath: //ul[@class = 'dropdown-menu']/li], [[ChromeDriver: chrome on windows (7f5f967f0980f7333938e817ef6c66cc)] -> xpath: //ul[@class = 'dropdown-menu']/li], [[ChromeDriver: chrome on windows (7f5f967f0980f7333938e817ef6c66cc)] -> xpath: //ul[@class = 'dropdown-menu']/li]]
2023-12-18 18:12:874 INFO  DesktopPage :73 - Select option product sorted by Price (High > Low)from sort by options [[ChromeDriver: chrome on windows (7f5f967f0980f7333938e817ef6c66cc)] -> id: input-sort]
2023-12-18 18:12:861 INFO  LaptopAndNotebookPage :80 - Select Macbook[[ChromeDriver: chrome on windows (7f5f967f0980f7333938e817ef6c66cc)] -> link text: MacBook]
2023-12-18 18:12:889 INFO  ProductPage :101 - Verify text MacBook [[ChromeDriver: chrome on windows (7f5f967f0980f7333938e817ef6c66cc)] -> xpath: //h1[contains(text(),'MacBook')]]
2023-12-18 18:12:571 INFO  ProductPage :87 - Clicking on Login Button [[ChromeDriver: chrome on windows (7f5f967f0980f7333938e817ef6c66cc)] -> xpath: //button[@id='button-cart']]
2023-12-18 18:12:142 INFO  ProductPage :91 - Verify the Message “Success: You have added HP LP3065 to your shopping cart!” [[ChromeDriver: chrome on windows (7f5f967f0980f7333938e817ef6c66cc)] -> xpath: //div[@class='alert alert-success alert-dismissible']]
2023-12-18 18:12:258 INFO  ProductPage :97 - Click on link “shopping cart” display into success message [[ChromeDriver: chrome on windows (7f5f967f0980f7333938e817ef6c66cc)] -> xpath: //a[contains(text(),'shopping cart')]]
2023-12-18 18:12:286 INFO  ShoppingCartPage :47 -  Verify the text Shopping Cart [[ChromeDriver: chrome on windows (7f5f967f0980f7333938e817ef6c66cc)] -> xpath: //div[@id='content']//h1]
2023-12-18 18:12:322 INFO  ShoppingCartPage :52 - Verify the Product name HP LP3065 [[ChromeDriver: chrome on windows (7f5f967f0980f7333938e817ef6c66cc)] -> xpath: //div[@class = 'table-responsive']/table/tbody/tr/td[2]/a]
2023-12-18 18:12:524 INFO  ShoppingCartPage :74 - Change Quantity 2 to quantity field [[ChromeDriver: chrome on windows (7f5f967f0980f7333938e817ef6c66cc)] -> xpath: //div[@class='input-group btn-block']/input[@type='text']]
2023-12-18 18:12:155 INFO  ShoppingCartPage :79 -  Click on “Update” Tab [[ChromeDriver: chrome on windows (7f5f967f0980f7333938e817ef6c66cc)] -> xpath: //i[@class = 'fa fa-refresh']]
2023-12-18 18:12:183 INFO  ShoppingCartPage :83 - Getting welcome back text [[ChromeDriver: chrome on windows (7f5f967f0980f7333938e817ef6c66cc)] -> xpath: //div[@id='checkout-cart']/div[1]]
2023-12-18 18:12:211 INFO  ShoppingCartPage :67 - Verify the Total £74.73 [[ChromeDriver: chrome on windows (7f5f967f0980f7333938e817ef6c66cc)] -> xpath: //div[@class = 'table-responsive']/table/tbody/tr/td[6]]
2023-12-18 18:12:614 INFO  ShoppingCartPage :89 - Click on “Checkout” button [[ChromeDriver: chrome on windows (7f5f967f0980f7333938e817ef6c66cc)] -> css selector: a.btn.btn-primary]
2023-12-18 18:12:646 INFO  CheckoutPage :76 - Verify the text “Checkout” [[ChromeDriver: chrome on windows (7f5f967f0980f7333938e817ef6c66cc)] -> xpath: //div[@id='content']/h1]
2023-12-18 18:12:222 INFO  CheckoutPage :82 - Verify the Text “New Customer” [[ChromeDriver: chrome on windows (7f5f967f0980f7333938e817ef6c66cc)] -> xpath: //h2[contains(text(),'New Customer')]]
2023-12-18 18:12:869 INFO  CheckoutPage :89 - Click on “Guest Checkout” radio button [[ChromeDriver: chrome on windows (7f5f967f0980f7333938e817ef6c66cc)] -> xpath: //input[@value='guest']]
2023-12-18 18:12:973 INFO  CheckoutPage :95 - Click on “Continue” tab [[ChromeDriver: chrome on windows (7f5f967f0980f7333938e817ef6c66cc)] -> xpath: //input[@id='button-account']]
2023-12-18 18:12:398 INFO  CheckoutPage :101 - Enter firstname Jaynika to firstname field [[ChromeDriver: chrome on windows (7f5f967f0980f7333938e817ef6c66cc)] -> id: input-payment-firstname]
2023-12-18 18:12:531 INFO  CheckoutPage :107 - Enter lastname Patel to lastname field [[ChromeDriver: chrome on windows (7f5f967f0980f7333938e817ef6c66cc)] -> id: input-payment-lastname]
2023-12-18 18:12:708 INFO  CheckoutPage :113 - Enter email kaku to email field [[ChromeDriver: chrome on windows (7f5f967f0980f7333938e817ef6c66cc)] -> id: input-payment-email]
2023-12-18 18:12:840 INFO  CheckoutPage :119 - Enter phoneNumber 01234567890 to phoneNumber field [[ChromeDriver: chrome on windows (7f5f967f0980f7333938e817ef6c66cc)] -> id: input-payment-telephone]
2023-12-18 18:12:972 INFO  CheckoutPage :125 - Enter address Line 1 129 Pinner Road to address field [[ChromeDriver: chrome on windows (7f5f967f0980f7333938e817ef6c66cc)] -> id: input-payment-address-1]
2023-12-18 18:12:73 INFO  CheckoutPage :131 - Enter city London to city field [[ChromeDriver: chrome on windows (7f5f967f0980f7333938e817ef6c66cc)] -> id: input-payment-city]
2023-12-18 18:12:187 INFO  CheckoutPage :137 - Enter postcode N1 1AD to postcode field [[ChromeDriver: chrome on windows (7f5f967f0980f7333938e817ef6c66cc)] -> id: input-payment-postcode]
2023-12-18 18:12:321 INFO  CheckoutPage :143 - Select country United Kingdom to country field [[ChromeDriver: chrome on windows (7f5f967f0980f7333938e817ef6c66cc)] -> id: input-payment-country]
2023-12-18 18:12:471 INFO  CheckoutPage :150 - Select state Kent to state field [[ChromeDriver: chrome on windows (7f5f967f0980f7333938e817ef6c66cc)] -> id: input-payment-zone]
2023-12-18 18:12:539 INFO  CheckoutPage :156 -  Click on continue button [[ChromeDriver: chrome on windows (7f5f967f0980f7333938e817ef6c66cc)] -> id: button-guest]
2023-12-18 18:12:295 INFO  CheckoutPage :162 - Enter comments Nothing to Say! in to text area [[ChromeDriver: chrome on windows (7f5f967f0980f7333938e817ef6c66cc)] -> xpath: //textarea[@name='comment']]
2023-12-18 18:12:420 INFO  CheckoutPage :168 -  Check the Terms & Conditions check box [[ChromeDriver: chrome on windows (7f5f967f0980f7333938e817ef6c66cc)] -> xpath: //body/div[@id='checkout-checkout']/div[1]/div[1]/div[1]/div[3]/div[2]/div[1]/div[2]/div[1]/input[1]]
2023-12-18 18:12:523 INFO  CheckoutPage :174 - Click on “Continue” button [[ChromeDriver: chrome on windows (7f5f967f0980f7333938e817ef6c66cc)] -> id: button-payment-method]
2023-12-18 18:12:572 INFO  CheckoutPage :179 - Verify the message “Warning: Payment method required!” [[ChromeDriver: chrome on windows (7f5f967f0980f7333938e817ef6c66cc)] -> xpath: //div[@class='alert alert-danger alert-dismissible']]
2023-12-18 18:12:965 INFO  HomePage :128 - Select Login from myAccount drop down list [[[ChromeDriver: chrome on windows (f0acd16831c1b860fc1cfb44fc7bca6d)] -> xpath: //ul[@class='dropdown-menu dropdown-menu-right']/li], [[ChromeDriver: chrome on windows (f0acd16831c1b860fc1cfb44fc7bca6d)] -> xpath: //ul[@class='dropdown-menu dropdown-menu-right']/li]]
2023-12-18 18:12:988 INFO  LoginPage :36 - Verify the text “Returning Customer” [[ChromeDriver: chrome on windows (f0acd16831c1b860fc1cfb44fc7bca6d)] -> xpath: //h2[contains(text(),'Returning Customer')]]
2023-12-18 18:12:81 INFO  HomePage :128 - Select Login from myAccount drop down list [[[ChromeDriver: chrome on windows (9903fe5ba7ca1c875c47b90b1d589c70)] -> xpath: //ul[@class='dropdown-menu dropdown-menu-right']/li], [[ChromeDriver: chrome on windows (9903fe5ba7ca1c875c47b90b1d589c70)] -> xpath: //ul[@class='dropdown-menu dropdown-menu-right']/li]]
2023-12-18 18:12:231 INFO  LoginPage :43 - Enter email iampatel@gmail.comto email field [[ChromeDriver: chrome on windows (9903fe5ba7ca1c875c47b90b1d589c70)] -> id: input-email]
2023-12-18 18:12:320 INFO  LoginPage :49 - Enter password HelloNum1to password field [[ChromeDriver: chrome on windows (9903fe5ba7ca1c875c47b90b1d589c70)] -> id: input-password]
2023-12-18 18:12:998 INFO  LoginPage :55 - Clicking on Login Button [[ChromeDriver: chrome on windows (9903fe5ba7ca1c875c47b90b1d589c70)] -> xpath: //input[@value='Login']]
2023-12-18 18:12:21 INFO  LoginPage :60 - Verify text “My Account” [[ChromeDriver: chrome on windows (9903fe5ba7ca1c875c47b90b1d589c70)] -> xpath: //h2[text()='My Account']]
2023-12-18 18:12:814 INFO  HomePage :128 - Select Logout from myAccount drop down list [[[ChromeDriver: chrome on windows (9903fe5ba7ca1c875c47b90b1d589c70)] -> xpath: //ul[@class='dropdown-menu dropdown-menu-right']/li], [[ChromeDriver: chrome on windows (9903fe5ba7ca1c875c47b90b1d589c70)] -> xpath: //ul[@class='dropdown-menu dropdown-menu-right']/li], [[ChromeDriver: chrome on windows (9903fe5ba7ca1c875c47b90b1d589c70)] -> xpath: //ul[@class='dropdown-menu dropdown-menu-right']/li], [[ChromeDriver: chrome on windows (9903fe5ba7ca1c875c47b90b1d589c70)] -> xpath: //ul[@class='dropdown-menu dropdown-menu-right']/li], [[ChromeDriver: chrome on windows (9903fe5ba7ca1c875c47b90b1d589c70)] -> xpath: //ul[@class='dropdown-menu dropdown-menu-right']/li]]
2023-12-18 18:12:837 INFO  LogoutPage :27 - Verify text "Account Logout" [[ChromeDriver: chrome on windows (9903fe5ba7ca1c875c47b90b1d589c70)] -> xpath: //h1[text()='Account Logout']]
2023-12-18 18:12:227 INFO  LogoutPage :33 - Clicking on Continue Button [[ChromeDriver: chrome on windows (9903fe5ba7ca1c875c47b90b1d589c70)] -> xpath: //a[contains(text(),'Continue')]]
2023-12-18 18:12:687 INFO  HomePage :128 - Select Register from myAccount drop down list [[[ChromeDriver: chrome on windows (32e4ac5b6435fc1fe7c0ff3e53b0ef88)] -> xpath: //ul[@class='dropdown-menu dropdown-menu-right']/li], [[ChromeDriver: chrome on windows (32e4ac5b6435fc1fe7c0ff3e53b0ef88)] -> xpath: //ul[@class='dropdown-menu dropdown-menu-right']/li]]
2023-12-18 18:12:712 INFO  RegisterPage :58 - Verify the text “Register Account”. [[ChromeDriver: chrome on windows (32e4ac5b6435fc1fe7c0ff3e53b0ef88)] -> xpath: //h1[contains(text(),'Register Account')]]
2023-12-18 18:12:98 INFO  HomePage :128 - Select Register from myAccount drop down list [[[ChromeDriver: chrome on windows (8f3bbb2c94f497b9dc8e4771dd528b2b)] -> xpath: //ul[@class='dropdown-menu dropdown-menu-right']/li], [[ChromeDriver: chrome on windows (8f3bbb2c94f497b9dc8e4771dd528b2b)] -> xpath: //ul[@class='dropdown-menu dropdown-menu-right']/li]]
2023-12-18 18:12:202 INFO  RegisterPage :64 - Enter Firstname Iama to Firstname field [[ChromeDriver: chrome on windows (8f3bbb2c94f497b9dc8e4771dd528b2b)] -> id: input-firstname]
2023-12-18 18:12:287 INFO  RegisterPage :69 - Enter Lastname Patel to Lastname field [[ChromeDriver: chrome on windows (8f3bbb2c94f497b9dc8e4771dd528b2b)] -> id: input-lastname]
2023-12-18 18:12:410 INFO  RegisterPage :74 - Enter email patelT0ht@gmail.com to email field [[ChromeDriver: chrome on windows (8f3bbb2c94f497b9dc8e4771dd528b2b)] -> id: input-email]
2023-12-18 18:12:497 INFO  RegisterPage :79 - Enter Telephone 01234567890 to Telephone field [[ChromeDriver: chrome on windows (8f3bbb2c94f497b9dc8e4771dd528b2b)] -> id: input-telephone]
2023-12-18 18:12:577 INFO  RegisterPage :84 - Enter Password Hellonum1 to Password field [[ChromeDriver: chrome on windows (8f3bbb2c94f497b9dc8e4771dd528b2b)] -> id: input-password]
2023-12-18 18:12:650 INFO  RegisterPage :89 - Enter ConfirmPassword Hellonum1 to ConfirmPassword field [[ChromeDriver: chrome on windows (8f3bbb2c94f497b9dc8e4771dd528b2b)] -> id: input-confirm]
2023-12-18 18:12:689 INFO  RegisterPage :101 - Select Subscribe Yes radio button [[[ChromeDriver: chrome on windows (8f3bbb2c94f497b9dc8e4771dd528b2b)] -> xpath: //fieldset[3]//input], [[ChromeDriver: chrome on windows (8f3bbb2c94f497b9dc8e4771dd528b2b)] -> xpath: //fieldset[3]//input]]
2023-12-18 18:12:751 INFO  RegisterPage :106 - Click on Privacy Policy check box [[ChromeDriver: chrome on windows (8f3bbb2c94f497b9dc8e4771dd528b2b)] -> xpath: //input[@name='agree']]
2023-12-18 18:12:942 INFO  RegisterPage :111 - Clicking on Continue Button [[ChromeDriver: chrome on windows (8f3bbb2c94f497b9dc8e4771dd528b2b)] -> xpath: //input[@type='submit']]
2023-12-18 18:12:968 INFO  RegisterPage :115 - Verify the message “Your Account Has Been Created!” [[ChromeDriver: chrome on windows (8f3bbb2c94f497b9dc8e4771dd528b2b)] -> xpath: //h1[text()='Your Account Has Been Created!']]
2023-12-18 18:12:346 INFO  RegisterPage :121 - Clicking on Continue Button [[ChromeDriver: chrome on windows (8f3bbb2c94f497b9dc8e4771dd528b2b)] -> xpath: //a[text()='Continue']]
2023-12-18 18:12:35 INFO  HomePage :128 - Select Logout from myAccount drop down list [[[ChromeDriver: chrome on windows (8f3bbb2c94f497b9dc8e4771dd528b2b)] -> xpath: //ul[@class='dropdown-menu dropdown-menu-right']/li], [[ChromeDriver: chrome on windows (8f3bbb2c94f497b9dc8e4771dd528b2b)] -> xpath: //ul[@class='dropdown-menu dropdown-menu-right']/li], [[ChromeDriver: chrome on windows (8f3bbb2c94f497b9dc8e4771dd528b2b)] -> xpath: //ul[@class='dropdown-menu dropdown-menu-right']/li], [[ChromeDriver: chrome on windows (8f3bbb2c94f497b9dc8e4771dd528b2b)] -> xpath: //ul[@class='dropdown-menu dropdown-menu-right']/li], [[ChromeDriver: chrome on windows (8f3bbb2c94f497b9dc8e4771dd528b2b)] -> xpath: //ul[@class='dropdown-menu dropdown-menu-right']/li]]
2023-12-18 18:12:59 INFO  LogoutPage :27 - Verify text "Account Logout" [[ChromeDriver: chrome on windows (8f3bbb2c94f497b9dc8e4771dd528b2b)] -> xpath: //h1[text()='Account Logout']]
2023-12-18 18:12:476 INFO  LogoutPage :33 - Clicking on Continue Button [[ChromeDriver: chrome on windows (8f3bbb2c94f497b9dc8e4771dd528b2b)] -> xpath: //a[contains(text(),'Continue')]]
2023-12-18 18:12:669 INFO  HomePage :74 - Mouse hover on “Desktops” Tab and click [[ChromeDriver: chrome on windows (545cf2b1da6db54e7ba714172ac215ce)] -> link text: Desktops]
2023-12-18 18:12:719 INFO  HomePage :68 - Click Show All Desktops from homepage Top menu  []
2023-12-18 18:12:766 INFO  DesktopPage :38 - Verify the text ‘Desktops’[[ChromeDriver: chrome on windows (545cf2b1da6db54e7ba714172ac215ce)] -> xpath: //h2[contains(text(),'Desktops')]]
2023-12-18 18:12:841 INFO  HomePage :80 - Mouse hover on “Laptops & Notebooks” Tab and click [[ChromeDriver: chrome on windows (ee4c648e82dade296691f735c6bbb379)] -> link text: Laptops & Notebooks]
2023-12-18 18:12:876 INFO  HomePage :68 - Click Show All Laptops & Notebooks from homepage Top menu  []
2023-12-18 18:12:938 INFO  LaptopAndNotebookPage :39 - Verify the text ‘Laptops & Notebooks’ [[ChromeDriver: chrome on windows (ee4c648e82dade296691f735c6bbb379)] -> xpath: //h2[contains(text(),'Laptops & Notebooks')]]
2023-12-18 18:12:440 INFO  HomePage :86 -  Mouse hover on “Components” Tab and click [[ChromeDriver: chrome on windows (02cf55b058b7a14a0470c240c25f8d7f)] -> link text: Components]
2023-12-18 18:12:465 INFO  HomePage :68 - Click Show All Components from homepage Top menu  []
2023-12-18 18:12:497 INFO  ComponentsPage :23 - Verify the text ‘Components’ [[ChromeDriver: chrome on windows (02cf55b058b7a14a0470c240c25f8d7f)] -> xpath: //h2[contains(text(),'Components')]]
2023-12-19 15:12:365 INFO  HomePage :74 - Mouse hover on “Desktops” Tab and click [[ChromeDriver: chrome on windows (48ffe637872462dab5b1f18c005b8dad)] -> link text: Desktops]
2023-12-19 15:12:712 INFO  HomePage :93 - Click on Show All Desktop tab [[ChromeDriver: chrome on windows (48ffe637872462dab5b1f18c005b8dad)] -> xpath: //a[normalize-space()='Show AllDesktops']]
2023-12-19 15:12:768 INFO  DesktopPage :44 - Click on sort by position [[ChromeDriver: chrome on windows (48ffe637872462dab5b1f18c005b8dad)] -> id: input-sort]
2023-12-19 15:12:139 INFO  DesktopPage :73 - Select option product sorted by Name (Z - A)from sort by options [[ChromeDriver: chrome on windows (48ffe637872462dab5b1f18c005b8dad)] -> id: input-sort]
2023-12-19 15:12:376 INFO  HomePage :74 - Mouse hover on “Desktops” Tab and click [[ChromeDriver: chrome on windows (4afa5d70e895523aad140fd044341b2c)] -> link text: Desktops]
2023-12-19 15:12:713 INFO  HomePage :93 - Click on Show All Desktop tab [[ChromeDriver: chrome on windows (4afa5d70e895523aad140fd044341b2c)] -> xpath: //a[normalize-space()='Show AllDesktops']]
2023-12-19 15:12:746 INFO  HomePage :105 - Clicking on Currency on top of page [[ChromeDriver: chrome on windows (4afa5d70e895523aad140fd044341b2c)] -> xpath: //span[normalize-space()='Currency']]
2023-12-19 15:12:278 INFO  HomePage :113 - Select £Pound Sterling from currency drop down list [[[ChromeDriver: chrome on windows (4afa5d70e895523aad140fd044341b2c)] -> xpath: //ul[@class = 'dropdown-menu']/li], [[ChromeDriver: chrome on windows (4afa5d70e895523aad140fd044341b2c)] -> xpath: //ul[@class = 'dropdown-menu']/li], [[ChromeDriver: chrome on windows (4afa5d70e895523aad140fd044341b2c)] -> xpath: //ul[@class = 'dropdown-menu']/li]]
2023-12-19 15:12:617 INFO  DesktopPage :73 - Select option product sorted by Name (A - Z)from sort by options [[ChromeDriver: chrome on windows (4afa5d70e895523aad140fd044341b2c)] -> id: input-sort]
2023-12-19 15:12:170 INFO  DesktopPage :78 - Clicking on HP LP3065 [[ChromeDriver: chrome on windows (4afa5d70e895523aad140fd044341b2c)] -> xpath: //a[contains(text(),'HP LP3065')]]
2023-12-19 15:12:185 INFO  ProductPage :52 - Verify the Text "HP LP3065" [[ChromeDriver: chrome on windows (4afa5d70e895523aad140fd044341b2c)] -> xpath: //a[contains(text(),'HP LP3065')]]
2023-12-19 15:12:235 INFO  ProductPage :58 - Select 2022November30 to date field [[ChromeDriver: chrome on windows (4afa5d70e895523aad140fd044341b2c)] -> xpath: //div[@class = 'input-group date']//button]
2023-12-19 15:12:615 INFO  ProductPage :82 - Enter Qty 1 to quantity field [[ChromeDriver: chrome on windows (4afa5d70e895523aad140fd044341b2c)] -> xpath: //input[@id='input-quantity']]
2023-12-19 15:12:273 INFO  ProductPage :87 - Clicking on Login Button [[ChromeDriver: chrome on windows (4afa5d70e895523aad140fd044341b2c)] -> xpath: //button[@id='button-cart']]
2023-12-19 15:12:795 INFO  ProductPage :91 - Verify the Message “Success: You have added HP LP3065 to your shopping cart!” [[ChromeDriver: chrome on windows (4afa5d70e895523aad140fd044341b2c)] -> xpath: //div[@class='alert alert-success alert-dismissible']]
2023-12-19 15:12:720 INFO  ProductPage :97 - Click on link “shopping cart” display into success message [[ChromeDriver: chrome on windows (4afa5d70e895523aad140fd044341b2c)] -> xpath: //a[contains(text(),'shopping cart')]]
2023-12-19 15:12:739 INFO  ShoppingCartPage :47 -  Verify the text Shopping Cart [[ChromeDriver: chrome on windows (4afa5d70e895523aad140fd044341b2c)] -> xpath: //div[@id='content']//h1]
2023-12-19 15:12:775 INFO  ShoppingCartPage :52 - Verify the Product name HP LP3065 [[ChromeDriver: chrome on windows (4afa5d70e895523aad140fd044341b2c)] -> xpath: //div[@class = 'table-responsive']/table/tbody/tr/td[2]/a]
2023-12-19 15:12:814 INFO  ShoppingCartPage :57 - Verify the Delivery Date 2022-11-30 [[ChromeDriver: chrome on windows (4afa5d70e895523aad140fd044341b2c)] -> xpath: //div[@class = 'table-responsive']/table/tbody/tr/td[2]/small[1]]
2023-12-19 15:12:859 INFO  ShoppingCartPage :62 - Verify the Model Product21 [[ChromeDriver: chrome on windows (4afa5d70e895523aad140fd044341b2c)] -> xpath: //div[@class = 'table-responsive']/table/tbody/tr/td[3]]
2023-12-19 15:12:905 INFO  ShoppingCartPage :67 - Verify the Total £74.73 [[ChromeDriver: chrome on windows (4afa5d70e895523aad140fd044341b2c)] -> xpath: //div[@class = 'table-responsive']/table/tbody/tr/td[6]]
2023-12-19 15:12:882 INFO  HomePage :80 - Mouse hover on “Laptops & Notebooks” Tab and click [[ChromeDriver: chrome on windows (cca6251140e279004e9d34697573eb7c)] -> link text: Laptops & Notebooks]
2023-12-19 15:12:219 INFO  HomePage :99 - Click on Show All LaptopAndNotebook Tab [[ChromeDriver: chrome on windows (cca6251140e279004e9d34697573eb7c)] -> xpath: //a[normalize-space()='Show AllLaptops & Notebooks']]
2023-12-19 15:12:273 INFO  DesktopPage :44 - Click on sort by position [[ChromeDriver: chrome on windows (cca6251140e279004e9d34697573eb7c)] -> id: input-sort]
2023-12-19 15:12:619 INFO  DesktopPage :73 - Select option product sorted by Price (High > Low)from sort by options [[ChromeDriver: chrome on windows (cca6251140e279004e9d34697573eb7c)] -> id: input-sort]
2023-12-19 15:12:684 INFO  LaptopAndNotebookPage :63 - Verify Product sorted  price High to low [[[ChromeDriver: chrome on windows (cca6251140e279004e9d34697573eb7c)] -> xpath: //p[@class ='price']], [[ChromeDriver: chrome on windows (cca6251140e279004e9d34697573eb7c)] -> xpath: //p[@class ='price']], [[ChromeDriver: chrome on windows (cca6251140e279004e9d34697573eb7c)] -> xpath: //p[@class ='price']], [[ChromeDriver: chrome on windows (cca6251140e279004e9d34697573eb7c)] -> xpath: //p[@class ='price']], [[ChromeDriver: chrome on windows (cca6251140e279004e9d34697573eb7c)] -> xpath: //p[@class ='price']]]
2023-12-19 15:12:726 INFO  LaptopAndNotebookPage :63 - Verify Product sorted  price High to low [[[ChromeDriver: chrome on windows (cca6251140e279004e9d34697573eb7c)] -> xpath: //p[@class ='price']], [[ChromeDriver: chrome on windows (cca6251140e279004e9d34697573eb7c)] -> xpath: //p[@class ='price']], [[ChromeDriver: chrome on windows (cca6251140e279004e9d34697573eb7c)] -> xpath: //p[@class ='price']], [[ChromeDriver: chrome on windows (cca6251140e279004e9d34697573eb7c)] -> xpath: //p[@class ='price']], [[ChromeDriver: chrome on windows (cca6251140e279004e9d34697573eb7c)] -> xpath: //p[@class ='price']]]
2023-12-19 15:12:967 INFO  HomePage :80 - Mouse hover on “Laptops & Notebooks” Tab and click [[ChromeDriver: chrome on windows (ffc1f12ecc49aafc422146447872f9bd)] -> link text: Laptops & Notebooks]
2023-12-19 15:12:309 INFO  HomePage :99 - Click on Show All LaptopAndNotebook Tab [[ChromeDriver: chrome on windows (ffc1f12ecc49aafc422146447872f9bd)] -> xpath: //a[normalize-space()='Show AllLaptops & Notebooks']]
2023-12-19 15:12:340 INFO  HomePage :105 - Clicking on Currency on top of page [[ChromeDriver: chrome on windows (ffc1f12ecc49aafc422146447872f9bd)] -> xpath: //span[normalize-space()='Currency']]
2023-12-19 15:12:866 INFO  HomePage :113 - Select £Pound Sterling from currency drop down list [[[ChromeDriver: chrome on windows (ffc1f12ecc49aafc422146447872f9bd)] -> xpath: //ul[@class = 'dropdown-menu']/li], [[ChromeDriver: chrome on windows (ffc1f12ecc49aafc422146447872f9bd)] -> xpath: //ul[@class = 'dropdown-menu']/li], [[ChromeDriver: chrome on windows (ffc1f12ecc49aafc422146447872f9bd)] -> xpath: //ul[@class = 'dropdown-menu']/li]]
2023-12-19 15:12:203 INFO  DesktopPage :73 - Select option product sorted by Price (High > Low)from sort by options [[ChromeDriver: chrome on windows (ffc1f12ecc49aafc422146447872f9bd)] -> id: input-sort]
2023-12-19 15:12:916 INFO  LaptopAndNotebookPage :80 - Select Macbook[[ChromeDriver: chrome on windows (ffc1f12ecc49aafc422146447872f9bd)] -> link text: MacBook]
2023-12-19 15:12:930 INFO  ProductPage :101 - Verify text MacBook [[ChromeDriver: chrome on windows (ffc1f12ecc49aafc422146447872f9bd)] -> xpath: //h1[contains(text(),'MacBook')]]
2023-12-19 15:12:593 INFO  ProductPage :87 - Clicking on Login Button [[ChromeDriver: chrome on windows (ffc1f12ecc49aafc422146447872f9bd)] -> xpath: //button[@id='button-cart']]
2023-12-19 15:12:127 INFO  ProductPage :91 - Verify the Message “Success: You have added HP LP3065 to your shopping cart!” [[ChromeDriver: chrome on windows (ffc1f12ecc49aafc422146447872f9bd)] -> xpath: //div[@class='alert alert-success alert-dismissible']]
2023-12-19 15:12:66 INFO  ProductPage :97 - Click on link “shopping cart” display into success message [[ChromeDriver: chrome on windows (ffc1f12ecc49aafc422146447872f9bd)] -> xpath: //a[contains(text(),'shopping cart')]]
2023-12-19 15:12:81 INFO  ShoppingCartPage :47 -  Verify the text Shopping Cart [[ChromeDriver: chrome on windows (ffc1f12ecc49aafc422146447872f9bd)] -> xpath: //div[@id='content']//h1]
2023-12-19 15:12:97 INFO  ShoppingCartPage :52 - Verify the Product name HP LP3065 [[ChromeDriver: chrome on windows (ffc1f12ecc49aafc422146447872f9bd)] -> xpath: //div[@class = 'table-responsive']/table/tbody/tr/td[2]/a]
2023-12-19 15:12:161 INFO  ShoppingCartPage :74 - Change Quantity 2 to quantity field [[ChromeDriver: chrome on windows (ffc1f12ecc49aafc422146447872f9bd)] -> xpath: //div[@class='input-group btn-block']/input[@type='text']]
2023-12-19 15:12:657 INFO  ShoppingCartPage :79 -  Click on “Update” Tab [[ChromeDriver: chrome on windows (ffc1f12ecc49aafc422146447872f9bd)] -> xpath: //i[@class = 'fa fa-refresh']]
2023-12-19 15:12:681 INFO  ShoppingCartPage :83 - Getting welcome back text [[ChromeDriver: chrome on windows (ffc1f12ecc49aafc422146447872f9bd)] -> xpath: //div[@id='checkout-cart']/div[1]]
2023-12-19 15:12:706 INFO  ShoppingCartPage :67 - Verify the Total £74.73 [[ChromeDriver: chrome on windows (ffc1f12ecc49aafc422146447872f9bd)] -> xpath: //div[@class = 'table-responsive']/table/tbody/tr/td[6]]
2023-12-19 15:12:29 INFO  ShoppingCartPage :89 - Click on “Checkout” button [[ChromeDriver: chrome on windows (ffc1f12ecc49aafc422146447872f9bd)] -> css selector: a.btn.btn-primary]
2023-12-19 15:12:44 INFO  CheckoutPage :76 - Verify the text “Checkout” [[ChromeDriver: chrome on windows (ffc1f12ecc49aafc422146447872f9bd)] -> xpath: //div[@id='content']/h1]
2023-12-19 15:12:567 INFO  CheckoutPage :82 - Verify the Text “New Customer” [[ChromeDriver: chrome on windows (ffc1f12ecc49aafc422146447872f9bd)] -> xpath: //h2[contains(text(),'New Customer')]]
2023-12-19 15:12:148 INFO  CheckoutPage :89 - Click on “Guest Checkout” radio button [[ChromeDriver: chrome on windows (ffc1f12ecc49aafc422146447872f9bd)] -> xpath: //input[@value='guest']]
2023-12-19 15:12:209 INFO  CheckoutPage :95 - Click on “Continue” tab [[ChromeDriver: chrome on windows (ffc1f12ecc49aafc422146447872f9bd)] -> xpath: //input[@id='button-account']]
2023-12-19 15:12:613 INFO  CheckoutPage :101 - Enter firstname Jaynika to firstname field [[ChromeDriver: chrome on windows (ffc1f12ecc49aafc422146447872f9bd)] -> id: input-payment-firstname]
2023-12-19 15:12:727 INFO  CheckoutPage :107 - Enter lastname Patel to lastname field [[ChromeDriver: chrome on windows (ffc1f12ecc49aafc422146447872f9bd)] -> id: input-payment-lastname]
2023-12-19 15:12:829 INFO  CheckoutPage :113 - Enter email kaku to email field [[ChromeDriver: chrome on windows (ffc1f12ecc49aafc422146447872f9bd)] -> id: input-payment-email]
2023-12-19 15:12:926 INFO  CheckoutPage :119 - Enter phoneNumber 01234567890 to phoneNumber field [[ChromeDriver: chrome on windows (ffc1f12ecc49aafc422146447872f9bd)] -> id: input-payment-telephone]
2023-12-19 15:12:11 INFO  CheckoutPage :125 - Enter address Line 1 129 Pinner Road to address field [[ChromeDriver: chrome on windows (ffc1f12ecc49aafc422146447872f9bd)] -> id: input-payment-address-1]
2023-12-19 15:12:146 INFO  CheckoutPage :131 - Enter city London to city field [[ChromeDriver: chrome on windows (ffc1f12ecc49aafc422146447872f9bd)] -> id: input-payment-city]
2023-12-19 15:12:225 INFO  CheckoutPage :137 - Enter postcode N1 1AD to postcode field [[ChromeDriver: chrome on windows (ffc1f12ecc49aafc422146447872f9bd)] -> id: input-payment-postcode]
2023-12-19 15:12:300 INFO  CheckoutPage :143 - Select country United Kingdom to country field [[ChromeDriver: chrome on windows (ffc1f12ecc49aafc422146447872f9bd)] -> id: input-payment-country]
2023-12-19 15:12:411 INFO  CheckoutPage :150 - Select state Kent to state field [[ChromeDriver: chrome on windows (ffc1f12ecc49aafc422146447872f9bd)] -> id: input-payment-zone]
2023-12-19 15:12:478 INFO  CheckoutPage :156 -  Click on continue button [[ChromeDriver: chrome on windows (ffc1f12ecc49aafc422146447872f9bd)] -> id: button-guest]
2023-12-19 15:12:127 INFO  CheckoutPage :162 - Enter comments Nothing to Say! in to text area [[ChromeDriver: chrome on windows (ffc1f12ecc49aafc422146447872f9bd)] -> xpath: //textarea[@name='comment']]
2023-12-19 15:12:202 INFO  CheckoutPage :168 -  Check the Terms & Conditions check box [[ChromeDriver: chrome on windows (ffc1f12ecc49aafc422146447872f9bd)] -> xpath: //body/div[@id='checkout-checkout']/div[1]/div[1]/div[1]/div[3]/div[2]/div[1]/div[2]/div[1]/input[1]]
2023-12-19 15:12:286 INFO  CheckoutPage :174 - Click on “Continue” button [[ChromeDriver: chrome on windows (ffc1f12ecc49aafc422146447872f9bd)] -> id: button-payment-method]
2023-12-19 15:12:317 INFO  CheckoutPage :179 - Verify the message “Warning: Payment method required!” [[ChromeDriver: chrome on windows (ffc1f12ecc49aafc422146447872f9bd)] -> xpath: //div[@class='alert alert-danger alert-dismissible']]
2023-12-19 15:12:714 INFO  HomePage :128 - Select Login from myAccount drop down list [[[ChromeDriver: chrome on windows (02e21160c4f815454a7a7f276885ae13)] -> xpath: //ul[@class='dropdown-menu dropdown-menu-right']/li], [[ChromeDriver: chrome on windows (02e21160c4f815454a7a7f276885ae13)] -> xpath: //ul[@class='dropdown-menu dropdown-menu-right']/li]]
2023-12-19 15:12:740 INFO  LoginPage :36 - Verify the text “Returning Customer” [[ChromeDriver: chrome on windows (02e21160c4f815454a7a7f276885ae13)] -> xpath: //h2[contains(text(),'Returning Customer')]]
2023-12-19 15:12:273 INFO  HomePage :128 - Select Login from myAccount drop down list [[[ChromeDriver: chrome on windows (1491c4a43196861f82252ecf7b6611f8)] -> xpath: //ul[@class='dropdown-menu dropdown-menu-right']/li], [[ChromeDriver: chrome on windows (1491c4a43196861f82252ecf7b6611f8)] -> xpath: //ul[@class='dropdown-menu dropdown-menu-right']/li]]
2023-12-19 15:12:352 INFO  LoginPage :43 - Enter email iampatel@gmail.comto email field [[ChromeDriver: chrome on windows (1491c4a43196861f82252ecf7b6611f8)] -> id: input-email]
2023-12-19 15:12:400 INFO  LoginPage :49 - Enter password HelloNum1to password field [[ChromeDriver: chrome on windows (1491c4a43196861f82252ecf7b6611f8)] -> id: input-password]
2023-12-19 15:12:932 INFO  LoginPage :55 - Clicking on Login Button [[ChromeDriver: chrome on windows (1491c4a43196861f82252ecf7b6611f8)] -> xpath: //input[@value='Login']]
2023-12-19 15:12:946 INFO  LoginPage :60 - Verify text “My Account” [[ChromeDriver: chrome on windows (1491c4a43196861f82252ecf7b6611f8)] -> xpath: //h2[text()='My Account']]
2023-12-19 15:12:451 INFO  HomePage :128 - Select Logout from myAccount drop down list [[[ChromeDriver: chrome on windows (1491c4a43196861f82252ecf7b6611f8)] -> xpath: //ul[@class='dropdown-menu dropdown-menu-right']/li], [[ChromeDriver: chrome on windows (1491c4a43196861f82252ecf7b6611f8)] -> xpath: //ul[@class='dropdown-menu dropdown-menu-right']/li], [[ChromeDriver: chrome on windows (1491c4a43196861f82252ecf7b6611f8)] -> xpath: //ul[@class='dropdown-menu dropdown-menu-right']/li], [[ChromeDriver: chrome on windows (1491c4a43196861f82252ecf7b6611f8)] -> xpath: //ul[@class='dropdown-menu dropdown-menu-right']/li], [[ChromeDriver: chrome on windows (1491c4a43196861f82252ecf7b6611f8)] -> xpath: //ul[@class='dropdown-menu dropdown-menu-right']/li]]
2023-12-19 15:12:470 INFO  LogoutPage :27 - Verify text "Account Logout" [[ChromeDriver: chrome on windows (1491c4a43196861f82252ecf7b6611f8)] -> xpath: //h1[text()='Account Logout']]
2023-12-19 15:12:782 INFO  LogoutPage :33 - Clicking on Continue Button [[ChromeDriver: chrome on windows (1491c4a43196861f82252ecf7b6611f8)] -> xpath: //a[contains(text(),'Continue')]]
2023-12-19 15:12:617 INFO  HomePage :128 - Select Register from myAccount drop down list [[[ChromeDriver: chrome on windows (e28ae5d488bb6f63dfc6e1fb0ce49943)] -> xpath: //ul[@class='dropdown-menu dropdown-menu-right']/li], [[ChromeDriver: chrome on windows (e28ae5d488bb6f63dfc6e1fb0ce49943)] -> xpath: //ul[@class='dropdown-menu dropdown-menu-right']/li]]
2023-12-19 15:12:633 INFO  RegisterPage :58 - Verify the text “Register Account”. [[ChromeDriver: chrome on windows (e28ae5d488bb6f63dfc6e1fb0ce49943)] -> xpath: //h1[contains(text(),'Register Account')]]
2023-12-19 15:12:513 INFO  HomePage :128 - Select Register from myAccount drop down list [[[ChromeDriver: chrome on windows (56a3bc27559b69c7ecf0e86535ac330f)] -> xpath: //ul[@class='dropdown-menu dropdown-menu-right']/li], [[ChromeDriver: chrome on windows (56a3bc27559b69c7ecf0e86535ac330f)] -> xpath: //ul[@class='dropdown-menu dropdown-menu-right']/li]]
2023-12-19 15:12:581 INFO  RegisterPage :64 - Enter Firstname Iama to Firstname field [[ChromeDriver: chrome on windows (56a3bc27559b69c7ecf0e86535ac330f)] -> id: input-firstname]
2023-12-19 15:12:629 INFO  RegisterPage :69 - Enter Lastname Patel to Lastname field [[ChromeDriver: chrome on windows (56a3bc27559b69c7ecf0e86535ac330f)] -> id: input-lastname]
2023-12-19 15:12:738 INFO  RegisterPage :74 - Enter email patelbsYO@gmail.com to email field [[ChromeDriver: chrome on windows (56a3bc27559b69c7ecf0e86535ac330f)] -> id: input-email]
2023-12-19 15:12:806 INFO  RegisterPage :79 - Enter Telephone 01234567890 to Telephone field [[ChromeDriver: chrome on windows (56a3bc27559b69c7ecf0e86535ac330f)] -> id: input-telephone]
2023-12-19 15:12:865 INFO  RegisterPage :84 - Enter Password Hellonum1 to Password field [[ChromeDriver: chrome on windows (56a3bc27559b69c7ecf0e86535ac330f)] -> id: input-password]
2023-12-19 15:12:927 INFO  RegisterPage :89 - Enter ConfirmPassword Hellonum1 to ConfirmPassword field [[ChromeDriver: chrome on windows (56a3bc27559b69c7ecf0e86535ac330f)] -> id: input-confirm]
2023-12-19 15:12:944 INFO  RegisterPage :101 - Select Subscribe Yes radio button [[[ChromeDriver: chrome on windows (56a3bc27559b69c7ecf0e86535ac330f)] -> xpath: //fieldset[3]//input], [[ChromeDriver: chrome on windows (56a3bc27559b69c7ecf0e86535ac330f)] -> xpath: //fieldset[3]//input]]
2023-12-19 15:12:979 INFO  RegisterPage :106 - Click on Privacy Policy check box [[ChromeDriver: chrome on windows (56a3bc27559b69c7ecf0e86535ac330f)] -> xpath: //input[@name='agree']]
2023-12-19 15:12:90 INFO  RegisterPage :111 - Clicking on Continue Button [[ChromeDriver: chrome on windows (56a3bc27559b69c7ecf0e86535ac330f)] -> xpath: //input[@type='submit']]
2023-12-19 15:12:98 INFO  RegisterPage :115 - Verify the message “Your Account Has Been Created!” [[ChromeDriver: chrome on windows (56a3bc27559b69c7ecf0e86535ac330f)] -> xpath: //h1[text()='Your Account Has Been Created!']]
2023-12-19 15:12:393 INFO  RegisterPage :121 - Clicking on Continue Button [[ChromeDriver: chrome on windows (56a3bc27559b69c7ecf0e86535ac330f)] -> xpath: //a[text()='Continue']]
2023-12-19 15:12:906 INFO  HomePage :128 - Select Logout from myAccount drop down list [[[ChromeDriver: chrome on windows (56a3bc27559b69c7ecf0e86535ac330f)] -> xpath: //ul[@class='dropdown-menu dropdown-menu-right']/li], [[ChromeDriver: chrome on windows (56a3bc27559b69c7ecf0e86535ac330f)] -> xpath: //ul[@class='dropdown-menu dropdown-menu-right']/li], [[ChromeDriver: chrome on windows (56a3bc27559b69c7ecf0e86535ac330f)] -> xpath: //ul[@class='dropdown-menu dropdown-menu-right']/li], [[ChromeDriver: chrome on windows (56a3bc27559b69c7ecf0e86535ac330f)] -> xpath: //ul[@class='dropdown-menu dropdown-menu-right']/li], [[ChromeDriver: chrome on windows (56a3bc27559b69c7ecf0e86535ac330f)] -> xpath: //ul[@class='dropdown-menu dropdown-menu-right']/li]]
2023-12-19 15:12:919 INFO  LogoutPage :27 - Verify text "Account Logout" [[ChromeDriver: chrome on windows (56a3bc27559b69c7ecf0e86535ac330f)] -> xpath: //h1[text()='Account Logout']]
2023-12-19 15:12:207 INFO  LogoutPage :33 - Clicking on Continue Button [[ChromeDriver: chrome on windows (56a3bc27559b69c7ecf0e86535ac330f)] -> xpath: //a[contains(text(),'Continue')]]
2023-12-19 15:12:285 INFO  HomePage :74 - Mouse hover on “Desktops” Tab and click [[ChromeDriver: chrome on windows (08f0795c7f0764e1b8be60de4c5f633f)] -> link text: Desktops]
2023-12-19 15:12:305 INFO  HomePage :68 - Click Show All Desktops from homepage Top menu  []
2023-12-19 15:12:324 INFO  DesktopPage :38 - Verify the text ‘Desktops’[[ChromeDriver: chrome on windows (08f0795c7f0764e1b8be60de4c5f633f)] -> xpath: //h2[contains(text(),'Desktops')]]
2023-12-19 15:12:737 INFO  HomePage :80 - Mouse hover on “Laptops & Notebooks” Tab and click [[ChromeDriver: chrome on windows (4bae87f42b8228f67691c06acbe2621e)] -> link text: Laptops & Notebooks]
2023-12-19 15:12:763 INFO  HomePage :68 - Click Show All Laptops & Notebooks from homepage Top menu  []
2023-12-19 15:12:794 INFO  LaptopAndNotebookPage :39 - Verify the text ‘Laptops & Notebooks’ [[ChromeDriver: chrome on windows (4bae87f42b8228f67691c06acbe2621e)] -> xpath: //h2[contains(text(),'Laptops & Notebooks')]]
2023-12-19 15:12:190 INFO  HomePage :86 -  Mouse hover on “Components” Tab and click [[ChromeDriver: chrome on windows (c9e65411d173343426e4e2fb69208b12)] -> link text: Components]
2023-12-19 15:12:690 INFO  HomePage :68 - Click Show All Components from homepage Top menu  []
